============================================================
  Generated by:           Genus(TM) Synthesis Solution 18.14-s037_1
  Generated on:           Dec 08 2021  01:29:19 pm
  Module:                 ml_accelerator
  Operating conditions:   typical 
  Interconnect mode:      global
  Area mode:              physical library
============================================================


Path 1: MET (7648 ps) Late External Delay Assertion at pin ofmap[46]
          Group: clk
     Startpoint: (R) pe_row[2].pe_col[2].pe_unit_filter_select_reg[1]/CK
          Clock: (R) clk
       Endpoint: (R) ofmap[46]
          Clock: (R) clk

                     Capture       Launch     
        Clock Edge:+   10000            0     
       Src Latency:+       0            0     
       Net Latency:+       0 (I)        0 (I) 
           Arrival:=   10000            0     
                                              
      Output Delay:-     200                  
       Uncertainty:-      30                  
     Required Time:=    9770                  
      Launch Clock:-       0                  
         Data Path:-    2122                  
             Slack:=    7648                  

Exceptions/Constraints:
  output_delay             200             ml_accelerator.sdc_line_12_121_1 

#----------------------------------------------------------------------------------------------------------------------------------------
#                         Timing Point                           Flags    Arc   Edge   Cell     Fanout Load Trans Delay Arrival Instance 
#                                                                                                      (fF)  (ps)  (ps)   (ps)  Location 
#----------------------------------------------------------------------------------------------------------------------------------------
  pe_row[2].pe_col[2].pe_unit_filter_select_reg[1]/CK            -       -      R     (arrival)   3181    -     0     -       0    (-,-) 
  pe_row[2].pe_col[2].pe_unit_filter_select_reg[1]/Q             -       CK->Q  R     DFFR_X1        5  9.3    25   117     117    (-,-) 
  g25866__8780/ZN                                                -       A1->ZN F     NOR2_X1        2  5.1    11    18     135    (-,-) 
  g25861__7344/ZN                                                -       A1->ZN F     AND2_X2       32 56.7    32    64     199    (-,-) 
  g25798__5703/ZN                                                -       B1->ZN R     AOI22_X1       1  2.0    26    52     251    (-,-) 
  g25794/ZN                                                      -       A->ZN  F     INV_X1         1  1.8     8    10     260    (-,-) 
  g25729__9682/ZN                                                -       A->ZN  R     AOI221_X1      1  3.3    53    83     343    (-,-) 
  g25715__2250/ZN                                                -       A1->ZN F     NAND3_X2      19 45.4    65    97     440    (-,-) 
  pe_row[2].pe_col[2].pe_unit_mac_multiplier_mul_15_31_g3074/Z   -       S->Z   R     MUX2_X1       15 26.8    65   133     573    (-,-) 
  pe_row[2].pe_col[2].pe_unit_mac_multiplier_mul_15_31_g3029/ZN  -       A1->ZN F     NAND2_X1      13 21.8    47    77     650    (-,-) 
  pe_row[2].pe_col[2].pe_unit_mac_multiplier_mul_15_31_g2973/ZN  -       A1->ZN R     OAI22_X1       1  3.1    37    52     702    (-,-) 
  pe_row[2].pe_col[2].pe_unit_mac_multiplier_mul_15_31_g2921/S   -       CI->S  F     FA_X1          1  3.9    17   104     806    (-,-) 
  pe_row[2].pe_col[2].pe_unit_mac_multiplier_mul_15_31_g2893/CO  -       A->CO  F     FA_X1          1  3.0    15    79     885    (-,-) 
  pe_row[2].pe_col[2].pe_unit_mac_multiplier_mul_15_31_g2886/CO  -       CI->CO F     FA_X1          1  3.0    15    72     957    (-,-) 
  pe_row[2].pe_col[2].pe_unit_mac_multiplier_mul_15_31_g2879/CO  -       CI->CO F     FA_X1          1  3.0    15    72    1029    (-,-) 
  pe_row[2].pe_col[2].pe_unit_mac_multiplier_mul_15_31_g2876/CO  -       CI->CO F     FA_X1          1  3.0    15    72    1102    (-,-) 
  pe_row[2].pe_col[2].pe_unit_mac_multiplier_mul_15_31_g2874/CO  -       CI->CO F     FA_X1          1  3.0    15    72    1174    (-,-) 
  pe_row[2].pe_col[2].pe_unit_mac_multiplier_mul_15_31_g2873/CO  -       CI->CO F     FA_X1          1  3.0    15    72    1246    (-,-) 
  pe_row[2].pe_col[2].pe_unit_mac_multiplier_mul_15_31_g2872/S   -       CI->S  R     FA_X1          1  1.2    10   110    1356    (-,-) 
  g38512/ZN                                                      -       A1->ZN R     AND2_X1        1  4.0    14    37    1394    (-,-) 
  pe_row[2].pe_col[2].pe_unit_mac_accumulator_add_14_31_g1021/S  -       A->S   F     FA_X1          2  2.5    16    88    1482    (-,-) 
  g39055/Z                                                       -       B->Z   F     MUX2_X1        1  3.9    13    67    1548    (-,-) 
  pe_row[1].pe_col[2].pe_unit_mac_accumulator_add_14_31_g1036/S  -       A->S   F     FA_X1          2  2.5    16   100    1649    (-,-) 
  g25588/Z                                                       -       B->Z   F     MUX2_X1        1  3.9    13    67    1715    (-,-) 
  pe_row[0].pe_col[2].pe_unit_mac_accumulator_add_14_31_g1047/CO -       A->CO  F     FA_X1          1  3.0    15    78    1793    (-,-) 
  pe_row[0].pe_col[2].pe_unit_mac_accumulator_add_14_31_g1046/CO -       CI->CO F     FA_X1          1  3.0    15    72    1865    (-,-) 
  pe_row[0].pe_col[2].pe_unit_mac_accumulator_add_14_31_g1045/CO -       CI->CO F     FA_X1          1  3.0    15    72    1937    (-,-) 
  pe_row[0].pe_col[2].pe_unit_mac_accumulator_add_14_31_g1044/CO -       CI->CO F     FA_X1          1  3.0    15    72    2010    (-,-) 
  pe_row[0].pe_col[2].pe_unit_mac_accumulator_add_14_31_g1043/S  -       CI->S  R     FA_X1          2  1.8    11   112    2122    (-,-) 
  ofmap[46]                                                      <<<     -      R     (port)         -    -     -     0    2122    (-,-) 
#----------------------------------------------------------------------------------------------------------------------------------------

